<?xml version="1.0" encoding="UTF-8"?>
<testng-results ignored="0" total="1" passed="1" failed="0" skipped="0">
  <reporter-output>
  </reporter-output>
  <suite started-at="2023-03-12T20:46:39 IST" name="Default suite" finished-at="2023-03-12T21:03:48 IST" duration-ms="1029127">
    <groups>
    </groups>
    <test started-at="2023-03-12T20:46:39 IST" name="Default test" finished-at="2023-03-12T21:03:48 IST" duration-ms="1029127">
      <class name="TCcode.FTc">
        <test-method signature="runTR()[pri:0, instance:TCcode.FTc@52e6fdee]" started-at="2023-03-12T20:46:39 IST" name="runTR" finished-at="2023-03-12T21:03:48 IST" duration-ms="1029082" status="PASS">
          <reporter-output>
          </reporter-output>
        </test-method> <!-- runTR -->
      </class> <!-- TCcode.FTc -->
    </test> <!-- Default test -->
  </suite> <!-- Default suite -->
</testng-results>
